<?xml version="1.0" encoding="UTF-8"?>
<testng-results ignored="0" total="2" passed="2" failed="0" skipped="0">
  <reporter-output>
  </reporter-output>
  <suite started-at="2022-03-25T19:19:35 IST" name="Data Driven Test" finished-at="2022-03-25T19:20:04 IST" duration-ms="28236">
    <groups>
    </groups>
    <test started-at="2022-03-25T19:19:35 IST" name="Login Test" finished-at="2022-03-25T19:20:04 IST" duration-ms="28236">
      <class name="testcases.Login">
        <test-method signature="login(java.lang.String,java.lang.String)[pri:0, instance:testcases.Login@495083a0]" started-at="2022-03-25T19:19:36 IST" name="login" data-provider="dp" finished-at="2022-03-25T19:19:50 IST" duration-ms="14337" status="PASS">
          <params>
            <param index="0">
              <value>
                <![CDATA[155.0]]>
              </value>
            </param>
            <param index="1">
              <value>
                <![CDATA[welcome]]>
              </value>
            </param>
          </params>
          <reporter-output>
          </reporter-output>
        </test-method> <!-- login -->
        <test-method is-config="true" signature="tearDown()[pri:0, instance:testcases.Login@495083a0]" started-at="2022-03-25T19:19:50 IST" name="tearDown" finished-at="2022-03-25T19:19:51 IST" duration-ms="1172" status="PASS">
          <reporter-output>
          </reporter-output>
        </test-method> <!-- tearDown -->
        <test-method signature="login(java.lang.String,java.lang.String)[pri:0, instance:testcases.Login@495083a0]" started-at="2022-03-25T19:19:51 IST" name="login" data-provider="dp" finished-at="2022-03-25T19:20:03 IST" duration-ms="11911" status="PASS">
          <params>
            <param index="0">
              <value>
                <![CDATA[admin]]>
              </value>
            </param>
            <param index="1">
              <value>
                <![CDATA[welcome]]>
              </value>
            </param>
          </params>
          <reporter-output>
          </reporter-output>
        </test-method> <!-- login -->
        <test-method is-config="true" signature="tearDown()[pri:0, instance:testcases.Login@495083a0]" started-at="2022-03-25T19:20:03 IST" name="tearDown" finished-at="2022-03-25T19:20:04 IST" duration-ms="615" status="PASS">
          <reporter-output>
          </reporter-output>
        </test-method> <!-- tearDown -->
      </class> <!-- testcases.Login -->
    </test> <!-- Login Test -->
  </suite> <!-- Data Driven Test -->
</testng-results>
